2013-10-01 09:39:35,120 [ModalContext] ERROR o.e.m.i.d.MavenDiscoveryService - Status ERROR: org.eclipse.equinox.p2.discovery code=0 Failed to discover all connectors. null children=[Status ERROR: org.eclipse.equinox.p2.discovery code=0 M2ERemoteBundleDiscoveryStrategy failed with an error org.eclipse.equinox.p2.core.ProvisionException: Unknown Host: http://download.eclipse.org/technology/m2e/discovery/directory-1.4.xml]
2013-10-01 09:39:55,275 [Worker-4] INFO  o.e.m.c.i.l.LifecycleMappingFactory - Using NULL lifecycle mapping for MavenProject: com.test.mvc:parent:1.0-SNAPSHOT @ /home/alatonio/ServletMVC/parent/pom.xml.
2013-10-01 09:39:57,132 [Worker-4] INFO  o.e.m.c.i.l.LifecycleMappingFactory - Using org.eclipse.m2e.jdt.JarLifecycleMapping lifecycle mapping for MavenProject: com.test.mvc:controller:1.0-SNAPSHOT @ /home/alatonio/ServletMVC/parent/controller/pom.xml.
2013-10-01 09:39:57,255 [Worker-4] INFO  o.e.m.c.i.l.LifecycleMappingFactory - Using org.eclipse.m2e.jdt.JarLifecycleMapping lifecycle mapping for MavenProject: com.test.mvc:model:1.0-SNAPSHOT @ /home/alatonio/ServletMVC/parent/model/pom.xml.
2013-10-01 09:39:57,394 [Worker-4] INFO  o.e.m.c.i.l.LifecycleMappingFactory - Using org.maven.ide.eclipse.wtp.WarLifecycleMapping lifecycle mapping for MavenProject: com.test.mvc:view:1.0-SNAPSHOT @ /home/alatonio/ServletMVC/parent/view/pom.xml.
2013-10-01 09:40:01,861 [Worker-5] INFO  o.e.m.c.i.l.LifecycleMappingFactory - Using org.eclipse.m2e.jdt.JarLifecycleMapping lifecycle mapping for MavenProject: com.test.mvc:controller:1.0-SNAPSHOT @ /home/alatonio/ServletMVC/parent/controller/pom.xml.
2013-10-01 09:40:01,872 [Worker-4] INFO  o.e.m.j.i.AbstractJavaProjectConfigurator - Adding source folder /model/src/main/java
2013-10-01 09:40:01,888 [Worker-4] INFO  o.e.m.j.i.AbstractJavaProjectConfigurator - Adding source folder /model/src/test/java
2013-10-01 09:40:02,353 [Worker-5] INFO  o.e.m.c.i.l.LifecycleMappingFactory - Using org.eclipse.m2e.jdt.JarLifecycleMapping lifecycle mapping for MavenProject: com.test.mvc:model:1.0-SNAPSHOT @ /home/alatonio/ServletMVC/parent/model/pom.xml.
2013-10-01 09:40:03,108 [Worker-5] INFO  o.e.m.c.i.l.LifecycleMappingFactory - Using NULL lifecycle mapping for MavenProject: com.test.mvc:parent:1.0-SNAPSHOT @ /home/alatonio/ServletMVC/parent/pom.xml.
2013-10-01 09:40:03,358 [Worker-5] INFO  o.e.m.c.i.l.LifecycleMappingFactory - Using org.maven.ide.eclipse.wtp.WarLifecycleMapping lifecycle mapping for MavenProject: com.test.mvc:view:1.0-SNAPSHOT @ /home/alatonio/ServletMVC/parent/view/pom.xml.
2013-10-01 09:40:04,541 [Worker-5] INFO  o.e.m.c.i.l.LifecycleMappingFactory - Using org.eclipse.m2e.jdt.JarLifecycleMapping lifecycle mapping for MavenProject: com.test.mvc:controller:1.0-SNAPSHOT @ /home/alatonio/ServletMVC/parent/controller/pom.xml.
2013-10-01 09:40:06,137 [Worker-5] INFO  o.e.m.c.i.l.LifecycleMappingFactory - Using org.eclipse.m2e.jdt.JarLifecycleMapping lifecycle mapping for MavenProject: com.test.mvc:model:1.0-SNAPSHOT @ /home/alatonio/ServletMVC/parent/model/pom.xml.
2013-10-01 09:40:06,368 [Worker-5] INFO  o.e.m.c.i.l.LifecycleMappingFactory - Using org.maven.ide.eclipse.wtp.WarLifecycleMapping lifecycle mapping for MavenProject: com.test.mvc:view:1.0-SNAPSHOT @ /home/alatonio/ServletMVC/parent/view/pom.xml.
2013-10-01 09:40:06,411 [Worker-4] INFO  o.e.m.j.i.AbstractJavaProjectConfigurator - Adding source folder /view/src/main/java
2013-10-01 09:40:06,412 [Worker-4] INFO  o.e.m.j.i.AbstractJavaProjectConfigurator - Adding resource folder /view/src/main/resources
2013-10-01 09:40:06,413 [Worker-4] INFO  o.e.m.j.i.AbstractJavaProjectConfigurator - Adding source folder /view/src/test/java
2013-10-01 09:40:09,851 [Worker-4] INFO  o.e.m.j.i.AbstractJavaProjectConfigurator - Adding source folder /controller/src/main/java
2013-10-01 09:40:09,853 [Worker-4] INFO  o.e.m.j.i.AbstractJavaProjectConfigurator - Adding source folder /controller/src/test/java
2013-10-01 09:40:09,933 [Worker-4] INFO  o.e.m.c.i.p.ProjectConfigurationManager - Project import completed 16 sec
2013-10-01 09:40:10,654 [Worker-10] INFO  o.e.m.c.i.p.ProjectConfigurationManager - Update started
2013-10-01 09:40:10,655 [Worker-10] INFO  o.e.m.c.i.p.ProjectConfigurationManager - Update completed: 0 sec
2013-10-01 09:40:13,012 [Worker-2] INFO  o.e.m.c.i.l.LifecycleMappingFactory - Using org.eclipse.m2e.jdt.JarLifecycleMapping lifecycle mapping for MavenProject: com.test.mvc:controller:1.0-SNAPSHOT @ /home/alatonio/ServletMVC/parent/controller/pom.xml.
2013-10-01 09:40:13,707 [Worker-2] INFO  o.e.m.c.i.l.LifecycleMappingFactory - Using org.eclipse.m2e.jdt.JarLifecycleMapping lifecycle mapping for MavenProject: com.test.mvc:model:1.0-SNAPSHOT @ /home/alatonio/ServletMVC/parent/model/pom.xml.
2013-10-01 09:40:14,754 [Worker-2] INFO  o.e.m.c.i.l.LifecycleMappingFactory - Using NULL lifecycle mapping for MavenProject: com.test.mvc:parent:1.0-SNAPSHOT @ /home/alatonio/ServletMVC/parent/pom.xml.
2013-10-01 09:40:14,905 [Worker-2] INFO  o.e.m.c.i.l.LifecycleMappingFactory - Using org.maven.ide.eclipse.wtp.WarLifecycleMapping lifecycle mapping for MavenProject: com.test.mvc:view:1.0-SNAPSHOT @ /home/alatonio/ServletMVC/parent/view/pom.xml.
2013-10-01 09:40:15,361 [Worker-2] INFO  o.e.m.c.i.l.LifecycleMappingFactory - Using org.eclipse.m2e.jdt.JarLifecycleMapping lifecycle mapping for MavenProject: com.test.mvc:controller:1.0-SNAPSHOT @ /home/alatonio/ServletMVC/parent/controller/pom.xml.
2013-10-01 09:40:15,559 [Worker-2] INFO  o.e.m.c.i.l.LifecycleMappingFactory - Using org.eclipse.m2e.jdt.JarLifecycleMapping lifecycle mapping for MavenProject: com.test.mvc:model:1.0-SNAPSHOT @ /home/alatonio/ServletMVC/parent/model/pom.xml.
2013-10-01 09:40:16,102 [Worker-2] INFO  o.e.m.c.i.l.LifecycleMappingFactory - Using org.maven.ide.eclipse.wtp.WarLifecycleMapping lifecycle mapping for MavenProject: com.test.mvc:view:1.0-SNAPSHOT @ /home/alatonio/ServletMVC/parent/view/pom.xml.
2013-10-01 09:40:24,964 [Worker-9] WARN  o.e.m.c.i.embedder.EclipseLogger - Using platform encoding (UTF-8 actually) to copy filtered resources, i.e. build is platform dependent!
2013-10-01 09:40:24,973 [Worker-9] INFO  o.e.m.c.i.embedder.EclipseLogger - skip non existing resourceDirectory /home/alatonio/ServletMVC/parent/controller/src/main/resources
2013-10-01 09:40:24,990 [Worker-9] WARN  o.e.m.c.i.embedder.EclipseLogger - Using platform encoding (UTF-8 actually) to copy filtered resources, i.e. build is platform dependent!
2013-10-01 09:40:24,991 [Worker-9] INFO  o.e.m.c.i.embedder.EclipseLogger - skip non existing resourceDirectory /home/alatonio/ServletMVC/parent/controller/src/test/resources
2013-10-01 09:40:25,423 [Worker-9] WARN  o.e.m.c.i.embedder.EclipseLogger - Using platform encoding (UTF-8 actually) to copy filtered resources, i.e. build is platform dependent!
2013-10-01 09:40:25,424 [Worker-9] INFO  o.e.m.c.i.embedder.EclipseLogger - skip non existing resourceDirectory /home/alatonio/ServletMVC/parent/model/src/main/resources
2013-10-01 09:40:25,433 [Worker-9] WARN  o.e.m.c.i.embedder.EclipseLogger - Using platform encoding (UTF-8 actually) to copy filtered resources, i.e. build is platform dependent!
2013-10-01 09:40:25,434 [Worker-9] INFO  o.e.m.c.i.embedder.EclipseLogger - skip non existing resourceDirectory /home/alatonio/ServletMVC/parent/model/src/test/resources
2013-10-01 09:40:26,744 [Worker-9] WARN  o.e.m.c.i.embedder.EclipseLogger - Using platform encoding (UTF-8 actually) to copy filtered resources, i.e. build is platform dependent!
2013-10-01 09:40:26,760 [Worker-9] INFO  o.e.m.c.i.embedder.EclipseLogger - Copying 0 resource
2013-10-01 09:40:26,766 [Worker-9] WARN  o.e.m.c.i.embedder.EclipseLogger - Using platform encoding (UTF-8 actually) to copy filtered resources, i.e. build is platform dependent!
2013-10-01 09:40:26,767 [Worker-9] INFO  o.e.m.c.i.embedder.EclipseLogger - skip non existing resourceDirectory /home/alatonio/ServletMVC/parent/view/src/test/resources
